10:46:31.768 karate.env system property was: e2e 
10:46:31.769 Customized base on e2e 
10:46:31.779 request:
1 > POST https://jsonplaceholder.typicode.com/users
1 > Accept-Encoding: gzip,deflate
1 > Connection: Keep-Alive
1 > Content-Length: 160
1 > Content-Type: application/json; charset=UTF-8
1 > Host: jsonplaceholder.typicode.com
1 > User-Agent: Apache-HttpClient/4.5.5 (Java/1.8.0_191)
{"name":"Test User","username":"testuser","email":"test@user.com","address":{"street":"Has No Name","suite":"Apt. 123","city":"Electri","zipcode":"54321-6789"}}

10:46:32.066 response time in milliseconds: 286.40
1 < 201
1 < Access-Control-Allow-Credentials: true
1 < Access-Control-Expose-Headers: Location
1 < CF-RAY: 4beb6c8cfc589949-LAX
1 < Cache-Control: no-cache
1 < Connection: keep-alive
1 < Content-Length: 216
1 < Content-Type: application/json; charset=utf-8
1 < Date: Thu, 28 Mar 2019 17:46:32 GMT
1 < Etag: W/"d8-pYV7+YuMGP2hxHPU9ARrf97ifDA"
1 < Expect-CT: max-age=604800, report-uri="https://report-uri.cloudflare.com/cdn-cgi/beacon/expect-ct"
1 < Expires: -1
1 < Location: http://jsonplaceholder.typicode.com/users/11
1 < Pragma: no-cache
1 < Server: cloudflare
1 < Set-Cookie: __cfduid=da9b79d65d8a688991223c4fd7f780a7e1553795191; expires=Fri, 27-Mar-20 17:46:31 GMT; path=/; domain=.typicode.com; HttpOnly
1 < Vary: Origin, X-HTTP-Method-Override, Accept-Encoding
1 < Via: 1.1 vegur
1 < X-Content-Type-Options: nosniff
1 < X-Powered-By: Express
{
  "name": "Test User",
  "username": "testuser",
  "email": "test@user.com",
  "address": {
    "street": "Has No Name",
    "suite": "Apt. 123",
    "city": "Electri",
    "zipcode": "54321-6789"
  },
  "id": 11
}

10:46:32.074 [print] created id is: 11
